execve("./hello", ["./hello"], 0x7ffcb77ba678 /* 33 vars */) = 0 <0.001215>
arch_prctl(ARCH_SET_FS, 0x528af0)       = 0 <0.000235>
sched_getaffinity(0, 8192, [0, 1, 2, 3]) = 16 <0.000429>
openat(AT_FDCWD, "/sys/kernel/mm/transparent_hugepage/hpage_pmd_size", O_RDONLY) = 3 <0.000199>
read(3, "2097152\n", 20)                = 8 <0.000148>
close(3)                                = 0 <0.000169>
mmap(NULL, 262144, PROT_READ|PROT_WRITE, MAP_PRIVATE|MAP_ANONYMOUS, -1, 0) = 0x7f88194d2000 <0.000162>
mmap(NULL, 131072, PROT_NONE, MAP_PRIVATE|MAP_ANONYMOUS, -1, 0) = 0x7f88194b2000 <0.000144>
mmap(NULL, 1048576, PROT_NONE, MAP_PRIVATE|MAP_ANONYMOUS, -1, 0) = 0x7f88193b2000 <0.000166>
mmap(NULL, 8388608, PROT_NONE, MAP_PRIVATE|MAP_ANONYMOUS, -1, 0) = 0x7f8818bb2000 <0.000117>
mmap(NULL, 67108864, PROT_NONE, MAP_PRIVATE|MAP_ANONYMOUS, -1, 0) = 0x7f8814bb2000 <0.000114>
mmap(NULL, 536870912, PROT_NONE, MAP_PRIVATE|MAP_ANONYMOUS, -1, 0) = 0x7f87f4bb2000 <0.000114>
mmap(NULL, 8388608, PROT_NONE, MAP_PRIVATE|MAP_ANONYMOUS, -1, 0) = 0x7f87f43b2000 <0.000119>
mmap(0xc000000000, 67108864, PROT_NONE, MAP_PRIVATE|MAP_ANONYMOUS, -1, 0) = 0xc000000000 <0.000113>
mmap(NULL, 33554432, PROT_READ|PROT_WRITE, MAP_PRIVATE|MAP_ANONYMOUS, -1, 0) = 0x7f87f23b2000 <0.000128>
mmap(NULL, 2165776, PROT_READ|PROT_WRITE, MAP_PRIVATE|MAP_ANONYMOUS, -1, 0) = 0x7f87f21a1000 <0.000130>
mmap(0xc000000000, 4194304, PROT_READ|PROT_WRITE, MAP_PRIVATE|MAP_FIXED|MAP_ANONYMOUS, -1, 0) = 0xc000000000 <0.000169>
mmap(0x7f88194b2000, 131072, PROT_READ|PROT_WRITE, MAP_PRIVATE|MAP_FIXED|MAP_ANONYMOUS, -1, 0) = 0x7f88194b2000 <0.000219>
mmap(0x7f8819432000, 4096, PROT_READ|PROT_WRITE, MAP_PRIVATE|MAP_FIXED|MAP_ANONYMOUS, -1, 0) = 0x7f8819432000 <0.000143>
mmap(0x7f8818fb8000, 4096, PROT_READ|PROT_WRITE, MAP_PRIVATE|MAP_FIXED|MAP_ANONYMOUS, -1, 0) = 0x7f8818fb8000 <0.000116>
mmap(0x7f8816be2000, 4096, PROT_READ|PROT_WRITE, MAP_PRIVATE|MAP_FIXED|MAP_ANONYMOUS, -1, 0) = 0x7f8816be2000 <0.000116>
mmap(0x7f8804d32000, 4096, PROT_READ|PROT_WRITE, MAP_PRIVATE|MAP_FIXED|MAP_ANONYMOUS, -1, 0) = 0x7f8804d32000 <0.000115>
mmap(0x7f87f43b2000, 4222976, PROT_READ|PROT_WRITE, MAP_PRIVATE|MAP_FIXED|MAP_ANONYMOUS, -1, 0) = 0x7f87f43b2000 <0.000116>
madvise(0x7f87f4400000, 2097152, MADV_HUGEPAGE) = 0 <0.000116>
mmap(NULL, 1048576, PROT_READ|PROT_WRITE, MAP_PRIVATE|MAP_ANONYMOUS, -1, 0) = 0x7f87f20a1000 <0.000112>
mmap(NULL, 65536, PROT_READ|PROT_WRITE, MAP_PRIVATE|MAP_ANONYMOUS, -1, 0) = 0x7f87f2091000 <0.000115>
mmap(NULL, 65536, PROT_READ|PROT_WRITE, MAP_PRIVATE|MAP_ANONYMOUS, -1, 0) = 0x7f87f2081000 <0.000129>
rt_sigprocmask(SIG_SETMASK, NULL, [], 8) = 0 <0.000106>
sigaltstack(NULL, {ss_sp=NULL, ss_flags=SS_DISABLE, ss_size=0}) = 0 <0.000108>
sigaltstack({ss_sp=0xc000008000, ss_flags=0, ss_size=32768}, NULL) = 0 <0.000109>
rt_sigprocmask(SIG_SETMASK, [], NULL, 8) = 0 <0.000169>
gettid()                                = 7198 <0.000105>
rt_sigaction(SIGHUP, NULL, {sa_handler=SIG_DFL, sa_mask=[], sa_flags=0}, 8) = 0 <0.000106>
rt_sigaction(SIGHUP, {sa_handler=0x45e980, sa_mask=~[], sa_flags=SA_RESTORER|SA_ONSTACK|SA_RESTART|SA_SIGINFO, sa_restorer=0x45eac0}, NULL, 8) = 0 <0.000130>
rt_sigaction(SIGINT, NULL, {sa_handler=SIG_DFL, sa_mask=[], sa_flags=0}, 8) = 0 <0.000110>
rt_sigaction(SIGINT, {sa_handler=0x45e980, sa_mask=~[], sa_flags=SA_RESTORER|SA_ONSTACK|SA_RESTART|SA_SIGINFO, sa_restorer=0x45eac0}, NULL, 8) = 0 <0.000103>
rt_sigaction(SIGQUIT, NULL, {sa_handler=SIG_DFL, sa_mask=[], sa_flags=0}, 8) = 0 <0.000134>
rt_sigaction(SIGQUIT, {sa_handler=0x45e980, sa_mask=~[], sa_flags=SA_RESTORER|SA_ONSTACK|SA_RESTART|SA_SIGINFO, sa_restorer=0x45eac0}, NULL, 8) = 0 <0.000101>
rt_sigaction(SIGILL, NULL, {sa_handler=SIG_DFL, sa_mask=[], sa_flags=0}, 8) = 0 <0.000100>
rt_sigaction(SIGILL, {sa_handler=0x45e980, sa_mask=~[], sa_flags=SA_RESTORER|SA_ONSTACK|SA_RESTART|SA_SIGINFO, sa_restorer=0x45eac0}, NULL, 8) = 0 <0.000100>
rt_sigaction(SIGTRAP, NULL, {sa_handler=SIG_DFL, sa_mask=[], sa_flags=0}, 8) = 0 <0.000138>
rt_sigaction(SIGTRAP, {sa_handler=0x45e980, sa_mask=~[], sa_flags=SA_RESTORER|SA_ONSTACK|SA_RESTART|SA_SIGINFO, sa_restorer=0x45eac0}, NULL, 8) = 0 <0.000149>
rt_sigaction(SIGABRT, NULL, {sa_handler=SIG_DFL, sa_mask=[], sa_flags=0}, 8) = 0 <0.000135>
rt_sigaction(SIGABRT, {sa_handler=0x45e980, sa_mask=~[], sa_flags=SA_RESTORER|SA_ONSTACK|SA_RESTART|SA_SIGINFO, sa_restorer=0x45eac0}, NULL, 8) = 0 <0.000146>
rt_sigaction(SIGBUS, NULL, {sa_handler=SIG_DFL, sa_mask=[], sa_flags=0}, 8) = 0 <0.000134>
rt_sigaction(SIGBUS, {sa_handler=0x45e980, sa_mask=~[], sa_flags=SA_RESTORER|SA_ONSTACK|SA_RESTART|SA_SIGINFO, sa_restorer=0x45eac0}, NULL, 8) = 0 <0.000194>
rt_sigaction(SIGFPE, NULL, {sa_handler=SIG_DFL, sa_mask=[], sa_flags=0}, 8) = 0 <0.000134>
rt_sigaction(SIGFPE, {sa_handler=0x45e980, sa_mask=~[], sa_flags=SA_RESTORER|SA_ONSTACK|SA_RESTART|SA_SIGINFO, sa_restorer=0x45eac0}, NULL, 8) = 0 <0.000173>
rt_sigaction(SIGUSR1, NULL, {sa_handler=SIG_DFL, sa_mask=[], sa_flags=0}, 8) = 0 <0.000190>
rt_sigaction(SIGUSR1, {sa_handler=0x45e980, sa_mask=~[], sa_flags=SA_RESTORER|SA_ONSTACK|SA_RESTART|SA_SIGINFO, sa_restorer=0x45eac0}, NULL, 8) = 0 <0.000161>
rt_sigaction(SIGSEGV, NULL, {sa_handler=SIG_DFL, sa_mask=[], sa_flags=0}, 8) = 0 <0.000236>
rt_sigaction(SIGSEGV, {sa_handler=0x45e980, sa_mask=~[], sa_flags=SA_RESTORER|SA_ONSTACK|SA_RESTART|SA_SIGINFO, sa_restorer=0x45eac0}, NULL, 8) = 0 <0.000207>
rt_sigaction(SIGUSR2, NULL, {sa_handler=SIG_DFL, sa_mask=[], sa_flags=0}, 8) = 0 <0.000123>
rt_sigaction(SIGUSR2, {sa_handler=0x45e980, sa_mask=~[], sa_flags=SA_RESTORER|SA_ONSTACK|SA_RESTART|SA_SIGINFO, sa_restorer=0x45eac0}, NULL, 8) = 0 <0.000130>
rt_sigaction(SIGPIPE, NULL, {sa_handler=SIG_DFL, sa_mask=[], sa_flags=0}, 8) = 0 <0.000186>
rt_sigaction(SIGPIPE, {sa_handler=0x45e980, sa_mask=~[], sa_flags=SA_RESTORER|SA_ONSTACK|SA_RESTART|SA_SIGINFO, sa_restorer=0x45eac0}, NULL, 8) = 0 <0.000144>
rt_sigaction(SIGALRM, NULL, {sa_handler=SIG_DFL, sa_mask=[], sa_flags=0}, 8) = 0 <0.000165>
rt_sigaction(SIGALRM, {sa_handler=0x45e980, sa_mask=~[], sa_flags=SA_RESTORER|SA_ONSTACK|SA_RESTART|SA_SIGINFO, sa_restorer=0x45eac0}, NULL, 8) = 0 <0.000204>
rt_sigaction(SIGTERM, NULL, {sa_handler=SIG_DFL, sa_mask=[], sa_flags=0}, 8) = 0 <0.000189>
rt_sigaction(SIGTERM, {sa_handler=0x45e980, sa_mask=~[], sa_flags=SA_RESTORER|SA_ONSTACK|SA_RESTART|SA_SIGINFO, sa_restorer=0x45eac0}, NULL, 8) = 0 <0.000164>
rt_sigaction(SIGSTKFLT, NULL, {sa_handler=SIG_DFL, sa_mask=[], sa_flags=0}, 8) = 0 <0.000113>
rt_sigaction(SIGSTKFLT, {sa_handler=0x45e980, sa_mask=~[], sa_flags=SA_RESTORER|SA_ONSTACK|SA_RESTART|SA_SIGINFO, sa_restorer=0x45eac0}, NULL, 8) = 0 <0.000120>
rt_sigaction(SIGCHLD, NULL, {sa_handler=SIG_DFL, sa_mask=[], sa_flags=0}, 8) = 0 <0.000121>
rt_sigaction(SIGCHLD, {sa_handler=0x45e980, sa_mask=~[], sa_flags=SA_RESTORER|SA_ONSTACK|SA_RESTART|SA_SIGINFO, sa_restorer=0x45eac0}, NULL, 8) = 0 <0.000120>
rt_sigaction(SIGURG, NULL, {sa_handler=SIG_DFL, sa_mask=[], sa_flags=0}, 8) = 0 <0.000120>
rt_sigaction(SIGURG, {sa_handler=0x45e980, sa_mask=~[], sa_flags=SA_RESTORER|SA_ONSTACK|SA_RESTART|SA_SIGINFO, sa_restorer=0x45eac0}, NULL, 8) = 0 <0.000116>
rt_sigaction(SIGXCPU, NULL, {sa_handler=SIG_DFL, sa_mask=[], sa_flags=0}, 8) = 0 <0.000087>
rt_sigaction(SIGXCPU, {sa_handler=0x45e980, sa_mask=~[], sa_flags=SA_RESTORER|SA_ONSTACK|SA_RESTART|SA_SIGINFO, sa_restorer=0x45eac0}, NULL, 8) = 0 <0.000105>
rt_sigaction(SIGXFSZ, NULL, {sa_handler=SIG_DFL, sa_mask=[], sa_flags=0}, 8) = 0 <0.000103>
rt_sigaction(SIGXFSZ, {sa_handler=0x45e980, sa_mask=~[], sa_flags=SA_RESTORER|SA_ONSTACK|SA_RESTART|SA_SIGINFO, sa_restorer=0x45eac0}, NULL, 8) = 0 <0.000202>
rt_sigaction(SIGVTALRM, NULL, {sa_handler=SIG_DFL, sa_mask=[], sa_flags=0}, 8) = 0 <0.000108>
rt_sigaction(SIGVTALRM, {sa_handler=0x45e980, sa_mask=~[], sa_flags=SA_RESTORER|SA_ONSTACK|SA_RESTART|SA_SIGINFO, sa_restorer=0x45eac0}, NULL, 8) = 0 <0.000113>
rt_sigaction(SIGPROF, NULL, {sa_handler=SIG_DFL, sa_mask=[], sa_flags=0}, 8) = 0 <0.000114>
rt_sigaction(SIGPROF, {sa_handler=0x45e980, sa_mask=~[], sa_flags=SA_RESTORER|SA_ONSTACK|SA_RESTART|SA_SIGINFO, sa_restorer=0x45eac0}, NULL, 8) = 0 <0.000113>
rt_sigaction(SIGWINCH, NULL, {sa_handler=SIG_DFL, sa_mask=[], sa_flags=0}, 8) = 0 <0.000127>
rt_sigaction(SIGWINCH, {sa_handler=0x45e980, sa_mask=~[], sa_flags=SA_RESTORER|SA_ONSTACK|SA_RESTART|SA_SIGINFO, sa_restorer=0x45eac0}, NULL, 8) = 0 <0.000110>
rt_sigaction(SIGIO, NULL, {sa_handler=SIG_DFL, sa_mask=[], sa_flags=0}, 8) = 0 <0.000110>
rt_sigaction(SIGIO, {sa_handler=0x45e980, sa_mask=~[], sa_flags=SA_RESTORER|SA_ONSTACK|SA_RESTART|SA_SIGINFO, sa_restorer=0x45eac0}, NULL, 8) = 0 <0.000110>
rt_sigaction(SIGPWR, NULL, {sa_handler=SIG_DFL, sa_mask=[], sa_flags=0}, 8) = 0 <0.000109>
rt_sigaction(SIGPWR, {sa_handler=0x45e980, sa_mask=~[], sa_flags=SA_RESTORER|SA_ONSTACK|SA_RESTART|SA_SIGINFO, sa_restorer=0x45eac0}, NULL, 8) = 0 <0.000093>
rt_sigaction(SIGSYS, NULL, {sa_handler=SIG_DFL, sa_mask=[], sa_flags=0}, 8) = 0 <0.000110>
rt_sigaction(SIGSYS, {sa_handler=0x45e980, sa_mask=~[], sa_flags=SA_RESTORER|SA_ONSTACK|SA_RESTART|SA_SIGINFO, sa_restorer=0x45eac0}, NULL, 8) = 0 <0.000110>
rt_sigaction(SIGRTMIN, NULL, {sa_handler=SIG_DFL, sa_mask=[], sa_flags=0}, 8) = 0 <0.000111>
rt_sigaction(SIGRT_1, NULL, {sa_handler=SIG_DFL, sa_mask=[], sa_flags=0}, 8) = 0 <0.000110>
rt_sigaction(SIGRT_1, {sa_handler=0x45e980, sa_mask=~[], sa_flags=SA_RESTORER|SA_ONSTACK|SA_RESTART|SA_SIGINFO, sa_restorer=0x45eac0}, NULL, 8) = 0 <0.000111>
rt_sigaction(SIGRT_2, NULL, {sa_handler=SIG_DFL, sa_mask=[], sa_flags=0}, 8) = 0 <0.000110>
rt_sigaction(SIGRT_3, NULL, {sa_handler=SIG_DFL, sa_mask=[], sa_flags=0}, 8) = 0 <0.000109>
rt_sigaction(SIGRT_3, {sa_handler=0x45e980, sa_mask=~[], sa_flags=SA_RESTORER|SA_ONSTACK|SA_RESTART|SA_SIGINFO, sa_restorer=0x45eac0}, NULL, 8) = 0 <0.000110>
rt_sigaction(SIGRT_4, NULL, {sa_handler=SIG_DFL, sa_mask=[], sa_flags=0}, 8) = 0 <0.000110>
rt_sigaction(SIGRT_4, {sa_handler=0x45e980, sa_mask=~[], sa_flags=SA_RESTORER|SA_ONSTACK|SA_RESTART|SA_SIGINFO, sa_restorer=0x45eac0}, NULL, 8) = 0 <0.000137>
rt_sigaction(SIGRT_5, NULL, {sa_handler=SIG_DFL, sa_mask=[], sa_flags=0}, 8) = 0 <0.000005>
rt_sigaction(SIGRT_5, {sa_handler=0x45e980, sa_mask=~[], sa_flags=SA_RESTORER|SA_ONSTACK|SA_RESTART|SA_SIGINFO, sa_restorer=0x45eac0}, NULL, 8) = 0 <0.000005>
rt_sigaction(SIGRT_6, NULL, {sa_handler=SIG_DFL, sa_mask=[], sa_flags=0}, 8) = 0 <0.000004>
rt_sigaction(SIGRT_6, {sa_handler=0x45e980, sa_mask=~[], sa_flags=SA_RESTORER|SA_ONSTACK|SA_RESTART|SA_SIGINFO, sa_restorer=0x45eac0}, NULL, 8) = 0 <0.000004>
rt_sigaction(SIGRT_7, NULL, {sa_handler=SIG_DFL, sa_mask=[], sa_flags=0}, 8) = 0 <0.000004>
rt_sigaction(SIGRT_7, {sa_handler=0x45e980, sa_mask=~[], sa_flags=SA_RESTORER|SA_ONSTACK|SA_RESTART|SA_SIGINFO, sa_restorer=0x45eac0}, NULL, 8) = 0 <0.000005>
rt_sigaction(SIGRT_8, NULL, {sa_handler=SIG_DFL, sa_mask=[], sa_flags=0}, 8) = 0 <0.000004>
rt_sigaction(SIGRT_8, {sa_handler=0x45e980, sa_mask=~[], sa_flags=SA_RESTORER|SA_ONSTACK|SA_RESTART|SA_SIGINFO, sa_restorer=0x45eac0}, NULL, 8) = 0 <0.000008>
rt_sigaction(SIGRT_9, NULL, {sa_handler=SIG_DFL, sa_mask=[], sa_flags=0}, 8) = 0 <0.000004>
rt_sigaction(SIGRT_9, {sa_handler=0x45e980, sa_mask=~[], sa_flags=SA_RESTORER|SA_ONSTACK|SA_RESTART|SA_SIGINFO, sa_restorer=0x45eac0}, NULL, 8) = 0 <0.000005>
rt_sigaction(SIGRT_10, NULL, {sa_handler=SIG_DFL, sa_mask=[], sa_flags=0}, 8) = 0 <0.000004>
rt_sigaction(SIGRT_10, {sa_handler=0x45e980, sa_mask=~[], sa_flags=SA_RESTORER|SA_ONSTACK|SA_RESTART|SA_SIGINFO, sa_restorer=0x45eac0}, NULL, 8) = 0 <0.000005>
rt_sigaction(SIGRT_11, NULL, {sa_handler=SIG_DFL, sa_mask=[], sa_flags=0}, 8) = 0 <0.000004>
rt_sigaction(SIGRT_11, {sa_handler=0x45e980, sa_mask=~[], sa_flags=SA_RESTORER|SA_ONSTACK|SA_RESTART|SA_SIGINFO, sa_restorer=0x45eac0}, NULL, 8) = 0 <0.000004>
rt_sigaction(SIGRT_12, NULL, {sa_handler=SIG_DFL, sa_mask=[], sa_flags=0}, 8) = 0 <0.000004>
rt_sigaction(SIGRT_12, {sa_handler=0x45e980, sa_mask=~[], sa_flags=SA_RESTORER|SA_ONSTACK|SA_RESTART|SA_SIGINFO, sa_restorer=0x45eac0}, NULL, 8) = 0 <0.000004>
rt_sigaction(SIGRT_13, NULL, {sa_handler=SIG_DFL, sa_mask=[], sa_flags=0}, 8) = 0 <0.000004>
rt_sigaction(SIGRT_13, {sa_handler=0x45e980, sa_mask=~[], sa_flags=SA_RESTORER|SA_ONSTACK|SA_RESTART|SA_SIGINFO, sa_restorer=0x45eac0}, NULL, 8) = 0 <0.000009>
rt_sigaction(SIGRT_14, NULL, {sa_handler=SIG_DFL, sa_mask=[], sa_flags=0}, 8) = 0 <0.000004>
rt_sigaction(SIGRT_14, {sa_handler=0x45e980, sa_mask=~[], sa_flags=SA_RESTORER|SA_ONSTACK|SA_RESTART|SA_SIGINFO, sa_restorer=0x45eac0}, NULL, 8) = 0 <0.000005>
rt_sigaction(SIGRT_15, NULL, {sa_handler=SIG_DFL, sa_mask=[], sa_flags=0}, 8) = 0 <0.000004>
rt_sigaction(SIGRT_15, {sa_handler=0x45e980, sa_mask=~[], sa_flags=SA_RESTORER|SA_ONSTACK|SA_RESTART|SA_SIGINFO, sa_restorer=0x45eac0}, NULL, 8) = 0 <0.000005>
rt_sigaction(SIGRT_16, NULL, {sa_handler=SIG_DFL, sa_mask=[], sa_flags=0}, 8) = 0 <0.000004>
rt_sigaction(SIGRT_16, {sa_handler=0x45e980, sa_mask=~[], sa_flags=SA_RESTORER|SA_ONSTACK|SA_RESTART|SA_SIGINFO, sa_restorer=0x45eac0}, NULL, 8) = 0 <0.000005>
rt_sigaction(SIGRT_17, NULL, {sa_handler=SIG_DFL, sa_mask=[], sa_flags=0}, 8) = 0 <0.000004>
rt_sigaction(SIGRT_17, {sa_handler=0x45e980, sa_mask=~[], sa_flags=SA_RESTORER|SA_ONSTACK|SA_RESTART|SA_SIGINFO, sa_restorer=0x45eac0}, NULL, 8) = 0 <0.000039>
rt_sigaction(SIGRT_18, NULL, {sa_handler=SIG_DFL, sa_mask=[], sa_flags=0}, 8) = 0 <0.000004>
rt_sigaction(SIGRT_18, {sa_handler=0x45e980, sa_mask=~[], sa_flags=SA_RESTORER|SA_ONSTACK|SA_RESTART|SA_SIGINFO, sa_restorer=0x45eac0}, NULL, 8) = 0 <0.000008>
rt_sigaction(SIGRT_19, NULL, {sa_handler=SIG_DFL, sa_mask=[], sa_flags=0}, 8) = 0 <0.000004>
rt_sigaction(SIGRT_19, {sa_handler=0x45e980, sa_mask=~[], sa_flags=SA_RESTORER|SA_ONSTACK|SA_RESTART|SA_SIGINFO, sa_restorer=0x45eac0}, NULL, 8) = 0 <0.000005>
rt_sigaction(SIGRT_20, NULL, {sa_handler=SIG_DFL, sa_mask=[], sa_flags=0}, 8) = 0 <0.000005>
rt_sigaction(SIGRT_20, {sa_handler=0x45e980, sa_mask=~[], sa_flags=SA_RESTORER|SA_ONSTACK|SA_RESTART|SA_SIGINFO, sa_restorer=0x45eac0}, NULL, 8) = 0 <0.000005>
rt_sigaction(SIGRT_21, NULL, {sa_handler=SIG_DFL, sa_mask=[], sa_flags=0}, 8) = 0 <0.000008>
rt_sigaction(SIGRT_21, {sa_handler=0x45e980, sa_mask=~[], sa_flags=SA_RESTORER|SA_ONSTACK|SA_RESTART|SA_SIGINFO, sa_restorer=0x45eac0}, NULL, 8) = 0 <0.000005>
rt_sigaction(SIGRT_22, NULL, {sa_handler=SIG_DFL, sa_mask=[], sa_flags=0}, 8) = 0 <0.000004>
rt_sigaction(SIGRT_22, {sa_handler=0x45e980, sa_mask=~[], sa_flags=SA_RESTORER|SA_ONSTACK|SA_RESTART|SA_SIGINFO, sa_restorer=0x45eac0}, NULL, 8) = 0 <0.000005>
rt_sigaction(SIGRT_23, NULL, {sa_handler=SIG_DFL, sa_mask=[], sa_flags=0}, 8) = 0 <0.000005>
rt_sigaction(SIGRT_23, {sa_handler=0x45e980, sa_mask=~[], sa_flags=SA_RESTORER|SA_ONSTACK|SA_RESTART|SA_SIGINFO, sa_restorer=0x45eac0}, NULL, 8) = 0 <0.000008>
rt_sigaction(SIGRT_24, NULL, {sa_handler=SIG_DFL, sa_mask=[], sa_flags=0}, 8) = 0 <0.000004>
rt_sigaction(SIGRT_24, {sa_handler=0x45e980, sa_mask=~[], sa_flags=SA_RESTORER|SA_ONSTACK|SA_RESTART|SA_SIGINFO, sa_restorer=0x45eac0}, NULL, 8) = 0 <0.000007>
rt_sigaction(SIGRT_25, NULL, {sa_handler=SIG_DFL, sa_mask=[], sa_flags=0}, 8) = 0 <0.000004>
rt_sigaction(SIGRT_25, {sa_handler=0x45e980, sa_mask=~[], sa_flags=SA_RESTORER|SA_ONSTACK|SA_RESTART|SA_SIGINFO, sa_restorer=0x45eac0}, NULL, 8) = 0 <0.000005>
rt_sigaction(SIGRT_26, NULL, {sa_handler=SIG_DFL, sa_mask=[], sa_flags=0}, 8) = 0 <0.000004>
rt_sigaction(SIGRT_26, {sa_handler=0x45e980, sa_mask=~[], sa_flags=SA_RESTORER|SA_ONSTACK|SA_RESTART|SA_SIGINFO, sa_restorer=0x45eac0}, NULL, 8) = 0 <0.000005>
rt_sigaction(SIGRT_27, NULL, {sa_handler=SIG_DFL, sa_mask=[], sa_flags=0}, 8) = 0 <0.000005>
rt_sigaction(SIGRT_27, {sa_handler=0x45e980, sa_mask=~[], sa_flags=SA_RESTORER|SA_ONSTACK|SA_RESTART|SA_SIGINFO, sa_restorer=0x45eac0}, NULL, 8) = 0 <0.000005>
rt_sigaction(SIGRT_28, NULL, {sa_handler=SIG_DFL, sa_mask=[], sa_flags=0}, 8) = 0 <0.000004>
rt_sigaction(SIGRT_28, {sa_handler=0x45e980, sa_mask=~[], sa_flags=SA_RESTORER|SA_ONSTACK|SA_RESTART|SA_SIGINFO, sa_restorer=0x45eac0}, NULL, 8) = 0 <0.000004>
rt_sigaction(SIGRT_29, NULL, {sa_handler=SIG_DFL, sa_mask=[], sa_flags=0}, 8) = 0 <0.000004>
rt_sigaction(SIGRT_29, {sa_handler=0x45e980, sa_mask=~[], sa_flags=SA_RESTORER|SA_ONSTACK|SA_RESTART|SA_SIGINFO, sa_restorer=0x45eac0}, NULL, 8) = 0 <0.000006>
rt_sigaction(SIGRT_30, NULL, {sa_handler=SIG_DFL, sa_mask=[], sa_flags=0}, 8) = 0 <0.000014>
rt_sigaction(SIGRT_30, {sa_handler=0x45e980, sa_mask=~[], sa_flags=SA_RESTORER|SA_ONSTACK|SA_RESTART|SA_SIGINFO, sa_restorer=0x45eac0}, NULL, 8) = 0 <0.000010>
rt_sigaction(SIGRT_31, NULL, {sa_handler=SIG_DFL, sa_mask=[], sa_flags=0}, 8) = 0 <0.000004>
rt_sigaction(SIGRT_31, {sa_handler=0x45e980, sa_mask=~[], sa_flags=SA_RESTORER|SA_ONSTACK|SA_RESTART|SA_SIGINFO, sa_restorer=0x45eac0}, NULL, 8) = 0 <0.000010>
rt_sigaction(SIGRT_32, NULL, {sa_handler=SIG_DFL, sa_mask=[], sa_flags=0}, 8) = 0 <0.000004>
rt_sigaction(SIGRT_32, {sa_handler=0x45e980, sa_mask=~[], sa_flags=SA_RESTORER|SA_ONSTACK|SA_RESTART|SA_SIGINFO, sa_restorer=0x45eac0}, NULL, 8) = 0 <0.000021>
rt_sigprocmask(SIG_SETMASK, ~[], [], 8) = 0 <0.000006>
clone(child_stack=0xc000054000, flags=CLONE_VM|CLONE_FS|CLONE_FILES|CLONE_SIGHAND|CLONE_THREAD|CLONE_SYSVSEM|CLONE_SETTLS, tls=0xc000044090) = 7199 <0.000064>
rt_sigprocmask(SIG_SETMASK, [], NULL, 8) = 0 <0.000005>
rt_sigprocmask(SIG_SETMASK, ~[], [], 8) = 0 <0.000008>
clone(child_stack=0xc000056000, flags=CLONE_VM|CLONE_FS|CLONE_FILES|CLONE_SIGHAND|CLONE_THREAD|CLONE_SYSVSEM|CLONE_SETTLS, tls=0xc000044490) = 7200 <0.000024>
rt_sigprocmask(SIG_SETMASK, [], NULL, 8) = 0 <0.000005>
--- SIGURG {si_signo=SIGURG, si_code=SI_TKILL, si_pid=7198, si_uid=0} ---
rt_sigreturn({mask=[]})                 = 0 <0.000008>
rt_sigprocmask(SIG_SETMASK, ~[], [], 8) = 0 <0.000005>
clone(child_stack=0xc000050000, flags=CLONE_VM|CLONE_FS|CLONE_FILES|CLONE_SIGHAND|CLONE_THREAD|CLONE_SYSVSEM|CLONE_SETTLS, tls=0xc000044890) = 7201 <0.000018>
rt_sigprocmask(SIG_SETMASK, [], NULL, 8) = 0 <0.000004>
futex(0x528ba8, FUTEX_WAIT_PRIVATE, 0, NULL) = 0 <0.000052>
futex(0xc000080148, FUTEX_WAKE_PRIVATE, 1) = 1 <0.000031>
futex(0xc000044548, FUTEX_WAKE_PRIVATE, 1) = 1 <0.000028>
futex(0x528ba8, FUTEX_WAIT_PRIVATE, 0, NULL) = -1 EAGAIN (Resource temporarily unavailable) <0.000005>
fcntl(0, F_GETFL)                       = 0x2 (flags O_RDWR) <0.000009>
mmap(NULL, 262144, PROT_READ|PROT_WRITE, MAP_PRIVATE|MAP_ANONYMOUS, -1, 0) = 0x7f87f2001000 <0.000008>
fcntl(1, F_GETFL)                       = 0x2 (flags O_RDWR) <0.000004>
fcntl(2, F_GETFL)                       = 0x2 (flags O_RDWR) <0.000004>
getrlimit(RLIMIT_NOFILE, {rlim_cur=1024*1024, rlim_max=1024*1024}) = 0 <0.000005>
write(1, "hello\n", 6)                  = 6 <0.000040>
exit_group(0)                           = ?
+++ exited with 0 +++
