execve("./hello.py", ["./hello.py"], 0x7ffde24e22f0 /* 18 vars */) = 0
brk(NULL)                               = 0x97e000
access("/etc/ld.so.preload", R_OK)      = -1 ENOENT (No such file or directory)
openat(AT_FDCWD, "/etc/ld.so.cache", O_RDONLY|O_CLOEXEC) = 3
fstat(3, {st_mode=S_IFREG|0644, st_size=31819, ...}) = 0
mmap(NULL, 31819, PROT_READ, MAP_PRIVATE, 3, 0) = 0x7f92e2018000
close(3)                                = 0
openat(AT_FDCWD, "/lib/x86_64-linux-gnu/libpthread.so.0", O_RDONLY|O_CLOEXEC) = 3
read(3, "\177ELF\2\1\1\0\0\0\0\0\0\0\0\0\3\0>\0\1\0\0\0 l\0\0\0\0\0\0"..., 832) = 832
fstat(3, {st_mode=S_IFREG|0755, st_size=149520, ...}) = 0
mmap(NULL, 8192, PROT_READ|PROT_WRITE, MAP_PRIVATE|MAP_ANONYMOUS, -1, 0) = 0x7f92e2016000
mmap(NULL, 136304, PROT_READ, MAP_PRIVATE|MAP_DENYWRITE, 3, 0) = 0x7f92e1ff4000
mmap(0x7f92e1ffa000, 65536, PROT_READ|PROT_EXEC, MAP_PRIVATE|MAP_FIXED|MAP_DENYWRITE, 3, 0x6000) = 0x7f92e1ffa000
mmap(0x7f92e200a000, 24576, PROT_READ, MAP_PRIVATE|MAP_FIXED|MAP_DENYWRITE, 3, 0x16000) = 0x7f92e200a000
mmap(0x7f92e2010000, 8192, PROT_READ|PROT_WRITE, MAP_PRIVATE|MAP_FIXED|MAP_DENYWRITE, 3, 0x1b000) = 0x7f92e2010000
mmap(0x7f92e2012000, 13424, PROT_READ|PROT_WRITE, MAP_PRIVATE|MAP_FIXED|MAP_ANONYMOUS, -1, 0) = 0x7f92e2012000
close(3)                                = 0
openat(AT_FDCWD, "/lib/x86_64-linux-gnu/libdl.so.2", O_RDONLY|O_CLOEXEC) = 3
read(3, "\177ELF\2\1\1\0\0\0\0\0\0\0\0\0\3\0>\0\1\0\0\0000\21\0\0\0\0\0\0"..., 832) = 832
fstat(3, {st_mode=S_IFREG|0644, st_size=18688, ...}) = 0
mmap(NULL, 20752, PROT_READ, MAP_PRIVATE|MAP_DENYWRITE, 3, 0) = 0x7f92e1fee000
mmap(0x7f92e1fef000, 8192, PROT_READ|PROT_EXEC, MAP_PRIVATE|MAP_FIXED|MAP_DENYWRITE, 3, 0x1000) = 0x7f92e1fef000
mmap(0x7f92e1ff1000, 4096, PROT_READ, MAP_PRIVATE|MAP_FIXED|MAP_DENYWRITE, 3, 0x3000) = 0x7f92e1ff1000
mmap(0x7f92e1ff2000, 8192, PROT_READ|PROT_WRITE, MAP_PRIVATE|MAP_FIXED|MAP_DENYWRITE, 3, 0x3000) = 0x7f92e1ff2000
close(3)                                = 0
openat(AT_FDCWD, "/lib/x86_64-linux-gnu/libutil.so.1", O_RDONLY|O_CLOEXEC) = 3
read(3, "\177ELF\2\1\1\0\0\0\0\0\0\0\0\0\3\0>\0\1\0\0\0\20\22\0\0\0\0\0\0"..., 832) = 832
fstat(3, {st_mode=S_IFREG|0644, st_size=14720, ...}) = 0
mmap(NULL, 16656, PROT_READ, MAP_PRIVATE|MAP_DENYWRITE, 3, 0) = 0x7f92e1fe9000
mmap(0x7f92e1fea000, 4096, PROT_READ|PROT_EXEC, MAP_PRIVATE|MAP_FIXED|MAP_DENYWRITE, 3, 0x1000) = 0x7f92e1fea000
mmap(0x7f92e1feb000, 4096, PROT_READ, MAP_PRIVATE|MAP_FIXED|MAP_DENYWRITE, 3, 0x2000) = 0x7f92e1feb000
mmap(0x7f92e1fec000, 8192, PROT_READ|PROT_WRITE, MAP_PRIVATE|MAP_FIXED|MAP_DENYWRITE, 3, 0x2000) = 0x7f92e1fec000
close(3)                                = 0
openat(AT_FDCWD, "/lib/x86_64-linux-gnu/libm.so.6", O_RDONLY|O_CLOEXEC) = 3
read(3, "\177ELF\2\1\1\3\0\0\0\0\0\0\0\0\3\0>\0\1\0\0\0\0\322\0\0\0\0\0\0"..., 832) = 832
fstat(3, {st_mode=S_IFREG|0644, st_size=1321344, ...}) = 0
mmap(NULL, 1323280, PROT_READ, MAP_PRIVATE|MAP_DENYWRITE, 3, 0) = 0x7f92e1ea5000
mmap(0x7f92e1eb2000, 630784, PROT_READ|PROT_EXEC, MAP_PRIVATE|MAP_FIXED|MAP_DENYWRITE, 3, 0xd000) = 0x7f92e1eb2000
mmap(0x7f92e1f4c000, 634880, PROT_READ, MAP_PRIVATE|MAP_FIXED|MAP_DENYWRITE, 3, 0xa7000) = 0x7f92e1f4c000
mmap(0x7f92e1fe7000, 8192, PROT_READ|PROT_WRITE, MAP_PRIVATE|MAP_FIXED|MAP_DENYWRITE, 3, 0x141000) = 0x7f92e1fe7000
close(3)                                = 0
openat(AT_FDCWD, "/lib/x86_64-linux-gnu/libexpat.so.1", O_RDONLY|O_CLOEXEC) = 3
read(3, "\177ELF\2\1\1\0\0\0\0\0\0\0\0\0\3\0>\0\1\0\0\0000A\0\0\0\0\0\0"..., 832) = 832
fstat(3, {st_mode=S_IFREG|0644, st_size=186496, ...}) = 0
mmap(NULL, 188576, PROT_READ, MAP_PRIVATE|MAP_DENYWRITE, 3, 0) = 0x7f92e1e76000
mprotect(0x7f92e1e7a000, 163840, PROT_NONE) = 0
mmap(0x7f92e1e7a000, 118784, PROT_READ|PROT_EXEC, MAP_PRIVATE|MAP_FIXED|MAP_DENYWRITE, 3, 0x4000) = 0x7f92e1e7a000
mmap(0x7f92e1e97000, 40960, PROT_READ, MAP_PRIVATE|MAP_FIXED|MAP_DENYWRITE, 3, 0x21000) = 0x7f92e1e97000
mmap(0x7f92e1ea2000, 12288, PROT_READ|PROT_WRITE, MAP_PRIVATE|MAP_FIXED|MAP_DENYWRITE, 3, 0x2b000) = 0x7f92e1ea2000
close(3)                                = 0
openat(AT_FDCWD, "/lib/x86_64-linux-gnu/libz.so.1", O_RDONLY|O_CLOEXEC) = 3
read(3, "\177ELF\2\1\1\0\0\0\0\0\0\0\0\0\3\0>\0\1\0\0\0\0203\0\0\0\0\0\0"..., 832) = 832
fstat(3, {st_mode=S_IFREG|0644, st_size=113088, ...}) = 0
mmap(NULL, 115088, PROT_READ, MAP_PRIVATE|MAP_DENYWRITE, 3, 0) = 0x7f92e1e59000
mprotect(0x7f92e1e5c000, 98304, PROT_NONE) = 0
mmap(0x7f92e1e5c000, 69632, PROT_READ|PROT_EXEC, MAP_PRIVATE|MAP_FIXED|MAP_DENYWRITE, 3, 0x3000) = 0x7f92e1e5c000
mmap(0x7f92e1e6d000, 24576, PROT_READ, MAP_PRIVATE|MAP_FIXED|MAP_DENYWRITE, 3, 0x14000) = 0x7f92e1e6d000
mmap(0x7f92e1e74000, 8192, PROT_READ|PROT_WRITE, MAP_PRIVATE|MAP_FIXED|MAP_DENYWRITE, 3, 0x1a000) = 0x7f92e1e74000
close(3)                                = 0
openat(AT_FDCWD, "/lib/x86_64-linux-gnu/libc.so.6", O_RDONLY|O_CLOEXEC) = 3
read(3, "\177ELF\2\1\1\3\0\0\0\0\0\0\0\0\3\0>\0\1\0\0\0@>\2\0\0\0\0\0"..., 832) = 832
fstat(3, {st_mode=S_IFREG|0755, st_size=1905632, ...}) = 0
mmap(NULL, 8192, PROT_READ|PROT_WRITE, MAP_PRIVATE|MAP_ANONYMOUS, -1, 0) = 0x7f92e1e57000
mmap(NULL, 1918592, PROT_READ, MAP_PRIVATE|MAP_DENYWRITE, 3, 0) = 0x7f92e1c82000
mmap(0x7f92e1ca4000, 1417216, PROT_READ|PROT_EXEC, MAP_PRIVATE|MAP_FIXED|MAP_DENYWRITE, 3, 0x22000) = 0x7f92e1ca4000
mmap(0x7f92e1dfe000, 323584, PROT_READ, MAP_PRIVATE|MAP_FIXED|MAP_DENYWRITE, 3, 0x17c000) = 0x7f92e1dfe000
mmap(0x7f92e1e4d000, 24576, PROT_READ|PROT_WRITE, MAP_PRIVATE|MAP_FIXED|MAP_DENYWRITE, 3, 0x1ca000) = 0x7f92e1e4d000
mmap(0x7f92e1e53000, 13952, PROT_READ|PROT_WRITE, MAP_PRIVATE|MAP_FIXED|MAP_ANONYMOUS, -1, 0) = 0x7f92e1e53000
close(3)                                = 0
mmap(NULL, 12288, PROT_READ|PROT_WRITE, MAP_PRIVATE|MAP_ANONYMOUS, -1, 0) = 0x7f92e1c7f000
arch_prctl(ARCH_SET_FS, 0x7f92e1c7f740) = 0
mprotect(0x7f92e1e4d000, 16384, PROT_READ) = 0
mprotect(0x7f92e1e74000, 4096, PROT_READ) = 0
mprotect(0x7f92e1ea2000, 8192, PROT_READ) = 0
mprotect(0x7f92e1fe7000, 4096, PROT_READ) = 0
mprotect(0x7f92e1fec000, 4096, PROT_READ) = 0
mprotect(0x7f92e1ff2000, 4096, PROT_READ) = 0
mprotect(0x7f92e2010000, 4096, PROT_READ) = 0
mprotect(0x8f3000, 4096, PROT_READ)     = 0
mprotect(0x7f92e204a000, 4096, PROT_READ) = 0
munmap(0x7f92e2018000, 31819)           = 0
set_tid_address(0x7f92e1c7fa10)         = 17
set_robust_list(0x7f92e1c7fa20, 24)     = 0
rt_sigaction(SIGRTMIN, {sa_handler=0x7f92e1ffa690, sa_mask=[], sa_flags=SA_RESTORER|SA_SIGINFO, sa_restorer=0x7f92e2007140}, NULL, 8) = 0
rt_sigaction(SIGRT_1, {sa_handler=0x7f92e1ffa730, sa_mask=[], sa_flags=SA_RESTORER|SA_RESTART|SA_SIGINFO, sa_restorer=0x7f92e2007140}, NULL, 8) = 0
rt_sigprocmask(SIG_UNBLOCK, [RTMIN RT_1], NULL, 8) = 0
prlimit64(0, RLIMIT_STACK, NULL, {rlim_cur=8192*1024, rlim_max=RLIM64_INFINITY}) = 0
brk(NULL)                               = 0x97e000
brk(0x99f000)                           = 0x99f000
openat(AT_FDCWD, "/usr/lib/locale/locale-archive", O_RDONLY|O_CLOEXEC) = -1 ENOENT (No such file or directory)
openat(AT_FDCWD, "/usr/share/locale/locale.alias", O_RDONLY|O_CLOEXEC) = -1 ENOENT (No such file or directory)
openat(AT_FDCWD, "/usr/lib/locale/C.UTF-8/LC_CTYPE", O_RDONLY|O_CLOEXEC) = 3
fstat(3, {st_mode=S_IFREG|0644, st_size=346132, ...}) = 0
mmap(NULL, 346132, PROT_READ, MAP_PRIVATE, 3, 0) = 0x7f92e1c2a000
close(3)                                = 0
openat(AT_FDCWD, "/usr/lib/x86_64-linux-gnu/gconv/gconv-modules.cache", O_RDONLY) = 3
fstat(3, {st_mode=S_IFREG|0644, st_size=27002, ...}) = 0
mmap(NULL, 27002, PROT_READ, MAP_SHARED, 3, 0) = 0x7f92e2019000
close(3)                                = 0
futex(0x7f92e1e5299c, FUTEX_WAKE_PRIVATE, 2147483647) = 0
getcwd("/linux_practice/src/trace", 4096) = 26
readlink("/usr/bin/python3", "python3.9", 4096) = 9
readlink("/usr/bin/python3.9", 0x7fff7a1c1f80, 4096) = -1 EINVAL (Invalid argument)
openat(AT_FDCWD, "/usr/bin/pyvenv.cfg", O_RDONLY) = -1 ENOENT (No such file or directory)
openat(AT_FDCWD, "/usr/pyvenv.cfg", O_RDONLY) = -1 ENOENT (No such file or directory)
stat("/usr/bin/Modules/Setup.local", 0x7fff7a1c2f20) = -1 ENOENT (No such file or directory)
stat("/usr/bin/lib/python3.9/os.py", 0x7fff7a1c2e40) = -1 ENOENT (No such file or directory)
stat("/usr/bin/lib/python3.9/os.pyc", 0x7fff7a1c2e40) = -1 ENOENT (No such file or directory)
stat("/usr/lib/python3.9/os.py", {st_mode=S_IFREG|0644, st_size=39065, ...}) = 0
openat(AT_FDCWD, "/usr/bin/pybuilddir.txt", O_RDONLY) = -1 ENOENT (No such file or directory)
stat("/usr/bin/lib/python3.9/lib-dynload", 0x7fff7a1c1fa0) = -1 ENOENT (No such file or directory)
stat("/usr/lib/python3.9/lib-dynload", {st_mode=S_IFDIR|0755, st_size=4096, ...}) = 0
getrandom("\x54\x6a\x7c\xc5\x9a\x71\x65\xd1\x38\xf5\x4a\x60\xb3\x3f\xc2\x76\xee\xb4\xc5\x32\xa4\xbc\xfc\x04", 24, GRND_NONBLOCK) = 24
mmap(NULL, 262144, PROT_READ|PROT_WRITE, MAP_PRIVATE|MAP_ANONYMOUS, -1, 0) = 0x7f92e1bea000
mmap(NULL, 262144, PROT_READ|PROT_WRITE, MAP_PRIVATE|MAP_ANONYMOUS, -1, 0) = 0x7f92e1baa000
brk(0x9c4000)                           = 0x9c4000
mmap(NULL, 262144, PROT_READ|PROT_WRITE, MAP_PRIVATE|MAP_ANONYMOUS, -1, 0) = 0x7f92e1b6a000
sysinfo({uptime=271049, loads=[0, 608, 0], totalram=4124532736, freeram=195575808, sharedram=396443648, bufferram=179134464, totalswap=1073737728, freeswap=1073737728, procs=595, totalhigh=0, freehigh=0, mem_unit=1}) = 0
openat(AT_FDCWD, "/etc/localtime", O_RDONLY|O_CLOEXEC) = 3
fstat(3, {st_mode=S_IFREG|0644, st_size=118, ...}) = 0
fstat(3, {st_mode=S_IFREG|0644, st_size=118, ...}) = 0
read(3, "TZif2\0\0\0\0\0\0\0\0\0\0\0\0\0\0\0\0\0\0\1\0\0\0\1\0\0\0\0"..., 4096) = 118
lseek(3, -62, SEEK_CUR)                 = 56
read(3, "TZif2\0\0\0\0\0\0\0\0\0\0\0\0\0\0\0\0\0\0\1\0\0\0\1\0\0\0\0"..., 4096) = 62
close(3)                                = 0
stat("/usr/lib/python39.zip", 0x7fff7a1c5820) = -1 ENOENT (No such file or directory)
stat("/usr/lib", {st_mode=S_IFDIR|0755, st_size=4096, ...}) = 0
mmap(NULL, 262144, PROT_READ|PROT_WRITE, MAP_PRIVATE|MAP_ANONYMOUS, -1, 0) = 0x7f92e1b2a000
stat("/usr/lib/python39.zip", 0x7fff7a1c5500) = -1 ENOENT (No such file or directory)
stat("/usr/lib/python3.9", {st_mode=S_IFDIR|0755, st_size=4096, ...}) = 0
stat("/usr/lib/python3.9", {st_mode=S_IFDIR|0755, st_size=4096, ...}) = 0
stat("/usr/lib/python3.9", {st_mode=S_IFDIR|0755, st_size=4096, ...}) = 0
openat(AT_FDCWD, "/usr/lib/python3.9", O_RDONLY|O_NONBLOCK|O_CLOEXEC|O_DIRECTORY) = 3
fstat(3, {st_mode=S_IFDIR|0755, st_size=4096, ...}) = 0
brk(0x9eb000)                           = 0x9eb000
getdents64(3, 0x9c29d0 /* 206 entries */, 32768) = 6864
getdents64(3, 0x9c29d0 /* 0 entries */, 32768) = 0
close(3)                                = 0
brk(0x9e6000)                           = 0x9e6000
stat("/usr/lib/python3.9/encodings/__init__.cpython-39-x86_64-linux-gnu.so", 0x7fff7a1c5940) = -1 ENOENT (No such file or directory)
stat("/usr/lib/python3.9/encodings/__init__.abi3.so", 0x7fff7a1c5940) = -1 ENOENT (No such file or directory)
stat("/usr/lib/python3.9/encodings/__init__.so", 0x7fff7a1c5940) = -1 ENOENT (No such file or directory)
stat("/usr/lib/python3.9/encodings/__init__.py", {st_mode=S_IFREG|0644, st_size=5588, ...}) = 0
stat("/usr/lib/python3.9/encodings/__init__.py", {st_mode=S_IFREG|0644, st_size=5588, ...}) = 0
openat(AT_FDCWD, "/usr/lib/python3.9/encodings/__pycache__/__init__.cpython-39.pyc", O_RDONLY|O_CLOEXEC) = 3
fcntl(3, F_GETFD)                       = 0x1 (flags FD_CLOEXEC)
fstat(3, {st_mode=S_IFREG|0644, st_size=3895, ...}) = 0
ioctl(3, TCGETS, 0x7fff7a1c5fa0)        = -1 ENOTTY (Inappropriate ioctl for device)
lseek(3, 0, SEEK_CUR)                   = 0
lseek(3, 0, SEEK_CUR)                   = 0
fstat(3, {st_mode=S_IFREG|0644, st_size=3895, ...}) = 0
read(3, "a\r\r\n\0\0\0\0\360\314;`\324\25\0\0\343\0\0\0\0\0\0\0\0\0\0\0\0\0\0\0"..., 3896) = 3895
read(3, "", 1)                          = 0
close(3)                                = 0
stat("/usr/lib/python3.9", {st_mode=S_IFDIR|0755, st_size=4096, ...}) = 0
stat("/usr/lib/python3.9/codecs.py", {st_mode=S_IFREG|0644, st_size=36673, ...}) = 0
stat("/usr/lib/python3.9/codecs.py", {st_mode=S_IFREG|0644, st_size=36673, ...}) = 0
openat(AT_FDCWD, "/usr/lib/python3.9/__pycache__/codecs.cpython-39.pyc", O_RDONLY|O_CLOEXEC) = 3
fstat(3, {st_mode=S_IFREG|0644, st_size=33886, ...}) = 0
ioctl(3, TCGETS, 0x7fff7a1c5170)        = -1 ENOTTY (Inappropriate ioctl for device)
lseek(3, 0, SEEK_CUR)                   = 0
lseek(3, 0, SEEK_CUR)                   = 0
fstat(3, {st_mode=S_IFREG|0644, st_size=33886, ...}) = 0
read(3, "a\r\r\n\0\0\0\0\360\314;`A\217\0\0\343\0\0\0\0\0\0\0\0\0\0\0\0\0\0\0"..., 33887) = 33886
read(3, "", 1)                          = 0
close(3)                                = 0
stat("/usr/lib/python3.9/encodings", {st_mode=S_IFDIR|0755, st_size=4096, ...}) = 0
stat("/usr/lib/python3.9/encodings", {st_mode=S_IFDIR|0755, st_size=4096, ...}) = 0
stat("/usr/lib/python3.9/encodings", {st_mode=S_IFDIR|0755, st_size=4096, ...}) = 0
openat(AT_FDCWD, "/usr/lib/python3.9/encodings", O_RDONLY|O_NONBLOCK|O_CLOEXEC|O_DIRECTORY) = 3
fstat(3, {st_mode=S_IFDIR|0755, st_size=4096, ...}) = 0
getdents64(3, 0x9d1c00 /* 125 entries */, 32768) = 4224
getdents64(3, 0x9d1c00 /* 0 entries */, 32768) = 0
close(3)                                = 0
stat("/usr/lib/python3.9/encodings/aliases.py", {st_mode=S_IFREG|0644, st_size=15677, ...}) = 0
stat("/usr/lib/python3.9/encodings/aliases.py", {st_mode=S_IFREG|0644, st_size=15677, ...}) = 0
openat(AT_FDCWD, "/usr/lib/python3.9/encodings/__pycache__/aliases.cpython-39.pyc", O_RDONLY|O_CLOEXEC) = 3
fstat(3, {st_mode=S_IFREG|0644, st_size=6328, ...}) = 0
ioctl(3, TCGETS, 0x7fff7a1c4950)        = -1 ENOTTY (Inappropriate ioctl for device)
lseek(3, 0, SEEK_CUR)                   = 0
lseek(3, 0, SEEK_CUR)                   = 0
fstat(3, {st_mode=S_IFREG|0644, st_size=6328, ...}) = 0
read(3, "a\r\r\n\0\0\0\0\360\314;`==\0\0\343\0\0\0\0\0\0\0\0\0\0\0\0\0\0\0"..., 6329) = 6328
read(3, "", 1)                          = 0
close(3)                                = 0
stat("/usr/lib/python3.9/encodings", {st_mode=S_IFDIR|0755, st_size=4096, ...}) = 0
stat("/usr/lib/python3.9/encodings/utf_8.py", {st_mode=S_IFREG|0644, st_size=1005, ...}) = 0
stat("/usr/lib/python3.9/encodings/utf_8.py", {st_mode=S_IFREG|0644, st_size=1005, ...}) = 0
openat(AT_FDCWD, "/usr/lib/python3.9/encodings/__pycache__/utf_8.cpython-39.pyc", O_RDONLY|O_CLOEXEC) = 3
fstat(3, {st_mode=S_IFREG|0644, st_size=1630, ...}) = 0
ioctl(3, TCGETS, 0x7fff7a1c6000)        = -1 ENOTTY (Inappropriate ioctl for device)
lseek(3, 0, SEEK_CUR)                   = 0
lseek(3, 0, SEEK_CUR)                   = 0
fstat(3, {st_mode=S_IFREG|0644, st_size=1630, ...}) = 0
read(3, "a\r\r\n\0\0\0\0\360\314;`\355\3\0\0\343\0\0\0\0\0\0\0\0\0\0\0\0\0\0\0"..., 1631) = 1630
read(3, "", 1)                          = 0
close(3)                                = 0
rt_sigaction(SIGPIPE, {sa_handler=SIG_IGN, sa_mask=[], sa_flags=SA_RESTORER, sa_restorer=0x7f92e2007140}, {sa_handler=SIG_DFL, sa_mask=[], sa_flags=0}, 8) = 0
rt_sigaction(SIGXFSZ, {sa_handler=SIG_IGN, sa_mask=[], sa_flags=SA_RESTORER, sa_restorer=0x7f92e2007140}, {sa_handler=SIG_DFL, sa_mask=[], sa_flags=0}, 8) = 0
rt_sigaction(SIGHUP, NULL, {sa_handler=SIG_DFL, sa_mask=[], sa_flags=0}, 8) = 0
rt_sigaction(SIGINT, NULL, {sa_handler=SIG_DFL, sa_mask=[], sa_flags=0}, 8) = 0
rt_sigaction(SIGQUIT, NULL, {sa_handler=SIG_DFL, sa_mask=[], sa_flags=0}, 8) = 0
rt_sigaction(SIGILL, NULL, {sa_handler=SIG_DFL, sa_mask=[], sa_flags=0}, 8) = 0
rt_sigaction(SIGTRAP, NULL, {sa_handler=SIG_DFL, sa_mask=[], sa_flags=0}, 8) = 0
rt_sigaction(SIGABRT, NULL, {sa_handler=SIG_DFL, sa_mask=[], sa_flags=0}, 8) = 0
rt_sigaction(SIGBUS, NULL, {sa_handler=SIG_DFL, sa_mask=[], sa_flags=0}, 8) = 0
rt_sigaction(SIGFPE, NULL, {sa_handler=SIG_DFL, sa_mask=[], sa_flags=0}, 8) = 0
rt_sigaction(SIGKILL, NULL, {sa_handler=SIG_DFL, sa_mask=[], sa_flags=0}, 8) = 0
rt_sigaction(SIGUSR1, NULL, {sa_handler=SIG_DFL, sa_mask=[], sa_flags=0}, 8) = 0
rt_sigaction(SIGSEGV, NULL, {sa_handler=SIG_DFL, sa_mask=[], sa_flags=0}, 8) = 0
rt_sigaction(SIGUSR2, NULL, {sa_handler=SIG_DFL, sa_mask=[], sa_flags=0}, 8) = 0
rt_sigaction(SIGPIPE, NULL, {sa_handler=SIG_IGN, sa_mask=[], sa_flags=SA_RESTORER, sa_restorer=0x7f92e2007140}, 8) = 0
rt_sigaction(SIGALRM, NULL, {sa_handler=SIG_DFL, sa_mask=[], sa_flags=0}, 8) = 0
rt_sigaction(SIGTERM, NULL, {sa_handler=SIG_DFL, sa_mask=[], sa_flags=0}, 8) = 0
rt_sigaction(SIGSTKFLT, NULL, {sa_handler=SIG_DFL, sa_mask=[], sa_flags=0}, 8) = 0
rt_sigaction(SIGCHLD, NULL, {sa_handler=SIG_DFL, sa_mask=[], sa_flags=0}, 8) = 0
rt_sigaction(SIGCONT, NULL, {sa_handler=SIG_DFL, sa_mask=[], sa_flags=0}, 8) = 0
rt_sigaction(SIGSTOP, NULL, {sa_handler=SIG_DFL, sa_mask=[], sa_flags=0}, 8) = 0
rt_sigaction(SIGTSTP, NULL, {sa_handler=SIG_DFL, sa_mask=[], sa_flags=0}, 8) = 0
rt_sigaction(SIGTTIN, NULL, {sa_handler=SIG_DFL, sa_mask=[], sa_flags=0}, 8) = 0
rt_sigaction(SIGTTOU, NULL, {sa_handler=SIG_DFL, sa_mask=[], sa_flags=0}, 8) = 0
rt_sigaction(SIGURG, NULL, {sa_handler=SIG_DFL, sa_mask=[], sa_flags=0}, 8) = 0
rt_sigaction(SIGXCPU, NULL, {sa_handler=SIG_DFL, sa_mask=[], sa_flags=0}, 8) = 0
rt_sigaction(SIGXFSZ, NULL, {sa_handler=SIG_IGN, sa_mask=[], sa_flags=SA_RESTORER, sa_restorer=0x7f92e2007140}, 8) = 0
rt_sigaction(SIGVTALRM, NULL, {sa_handler=SIG_DFL, sa_mask=[], sa_flags=0}, 8) = 0
rt_sigaction(SIGPROF, NULL, {sa_handler=SIG_DFL, sa_mask=[], sa_flags=0}, 8) = 0
rt_sigaction(SIGWINCH, NULL, {sa_handler=SIG_DFL, sa_mask=[], sa_flags=0}, 8) = 0
rt_sigaction(SIGIO, NULL, {sa_handler=SIG_DFL, sa_mask=[], sa_flags=0}, 8) = 0
rt_sigaction(SIGPWR, NULL, {sa_handler=SIG_DFL, sa_mask=[], sa_flags=0}, 8) = 0
rt_sigaction(SIGSYS, NULL, {sa_handler=SIG_DFL, sa_mask=[], sa_flags=0}, 8) = 0
rt_sigaction(SIGRT_2, NULL, {sa_handler=SIG_DFL, sa_mask=[], sa_flags=0}, 8) = 0
rt_sigaction(SIGRT_3, NULL, {sa_handler=SIG_DFL, sa_mask=[], sa_flags=0}, 8) = 0
rt_sigaction(SIGRT_4, NULL, {sa_handler=SIG_DFL, sa_mask=[], sa_flags=0}, 8) = 0
rt_sigaction(SIGRT_5, NULL, {sa_handler=SIG_DFL, sa_mask=[], sa_flags=0}, 8) = 0
rt_sigaction(SIGRT_6, NULL, {sa_handler=SIG_DFL, sa_mask=[], sa_flags=0}, 8) = 0
rt_sigaction(SIGRT_7, NULL, {sa_handler=SIG_DFL, sa_mask=[], sa_flags=0}, 8) = 0
rt_sigaction(SIGRT_8, NULL, {sa_handler=SIG_DFL, sa_mask=[], sa_flags=0}, 8) = 0
rt_sigaction(SIGRT_9, NULL, {sa_handler=SIG_DFL, sa_mask=[], sa_flags=0}, 8) = 0
rt_sigaction(SIGRT_10, NULL, {sa_handler=SIG_DFL, sa_mask=[], sa_flags=0}, 8) = 0
rt_sigaction(SIGRT_11, NULL, {sa_handler=SIG_DFL, sa_mask=[], sa_flags=0}, 8) = 0
rt_sigaction(SIGRT_12, NULL, {sa_handler=SIG_DFL, sa_mask=[], sa_flags=0}, 8) = 0
rt_sigaction(SIGRT_13, NULL, {sa_handler=SIG_DFL, sa_mask=[], sa_flags=0}, 8) = 0
rt_sigaction(SIGRT_14, NULL, {sa_handler=SIG_DFL, sa_mask=[], sa_flags=0}, 8) = 0
rt_sigaction(SIGRT_15, NULL, {sa_handler=SIG_DFL, sa_mask=[], sa_flags=0}, 8) = 0
rt_sigaction(SIGRT_16, NULL, {sa_handler=SIG_DFL, sa_mask=[], sa_flags=0}, 8) = 0
rt_sigaction(SIGRT_17, NULL, {sa_handler=SIG_DFL, sa_mask=[], sa_flags=0}, 8) = 0
rt_sigaction(SIGRT_18, NULL, {sa_handler=SIG_DFL, sa_mask=[], sa_flags=0}, 8) = 0
rt_sigaction(SIGRT_19, NULL, {sa_handler=SIG_DFL, sa_mask=[], sa_flags=0}, 8) = 0
rt_sigaction(SIGRT_20, NULL, {sa_handler=SIG_DFL, sa_mask=[], sa_flags=0}, 8) = 0
rt_sigaction(SIGRT_21, NULL, {sa_handler=SIG_DFL, sa_mask=[], sa_flags=0}, 8) = 0
rt_sigaction(SIGRT_22, NULL, {sa_handler=SIG_DFL, sa_mask=[], sa_flags=0}, 8) = 0
rt_sigaction(SIGRT_23, NULL, {sa_handler=SIG_DFL, sa_mask=[], sa_flags=0}, 8) = 0
rt_sigaction(SIGRT_24, NULL, {sa_handler=SIG_DFL, sa_mask=[], sa_flags=0}, 8) = 0
rt_sigaction(SIGRT_25, NULL, {sa_handler=SIG_DFL, sa_mask=[], sa_flags=0}, 8) = 0
rt_sigaction(SIGRT_26, NULL, {sa_handler=SIG_DFL, sa_mask=[], sa_flags=0}, 8) = 0
rt_sigaction(SIGRT_27, NULL, {sa_handler=SIG_DFL, sa_mask=[], sa_flags=0}, 8) = 0
rt_sigaction(SIGRT_28, NULL, {sa_handler=SIG_DFL, sa_mask=[], sa_flags=0}, 8) = 0
rt_sigaction(SIGRT_29, NULL, {sa_handler=SIG_DFL, sa_mask=[], sa_flags=0}, 8) = 0
rt_sigaction(SIGRT_30, NULL, {sa_handler=SIG_DFL, sa_mask=[], sa_flags=0}, 8) = 0
rt_sigaction(SIGRT_31, NULL, {sa_handler=SIG_DFL, sa_mask=[], sa_flags=0}, 8) = 0
rt_sigaction(SIGRT_32, NULL, {sa_handler=SIG_DFL, sa_mask=[], sa_flags=0}, 8) = 0
rt_sigaction(SIGINT, {sa_handler=0x6402c0, sa_mask=[], sa_flags=SA_RESTORER, sa_restorer=0x7f92e2007140}, {sa_handler=SIG_DFL, sa_mask=[], sa_flags=0}, 8) = 0
fstat(0, {st_mode=S_IFCHR|0620, st_rdev=makedev(0x88, 0), ...}) = 0
stat("/usr/lib/python3.9/encodings", {st_mode=S_IFDIR|0755, st_size=4096, ...}) = 0
stat("/usr/lib/python3.9/encodings/latin_1.py", {st_mode=S_IFREG|0644, st_size=1264, ...}) = 0
stat("/usr/lib/python3.9/encodings/latin_1.py", {st_mode=S_IFREG|0644, st_size=1264, ...}) = 0
openat(AT_FDCWD, "/usr/lib/python3.9/encodings/__pycache__/latin_1.cpython-39.pyc", O_RDONLY|O_CLOEXEC) = 3
fstat(3, {st_mode=S_IFREG|0644, st_size=1893, ...}) = 0
ioctl(3, TCGETS, 0x7fff7a1c6090)        = -1 ENOTTY (Inappropriate ioctl for device)
lseek(3, 0, SEEK_CUR)                   = 0
lseek(3, 0, SEEK_CUR)                   = 0
fstat(3, {st_mode=S_IFREG|0644, st_size=1893, ...}) = 0
read(3, "a\r\r\n\0\0\0\0\360\314;`\360\4\0\0\343\0\0\0\0\0\0\0\0\0\0\0\0\0\0\0"..., 1894) = 1893
read(3, "", 1)                          = 0
close(3)                                = 0
stat("/usr/lib/python3.9", {st_mode=S_IFDIR|0755, st_size=4096, ...}) = 0
stat("/usr/lib/python3.9/io.py", {st_mode=S_IFREG|0644, st_size=3541, ...}) = 0
stat("/usr/lib/python3.9/io.py", {st_mode=S_IFREG|0644, st_size=3541, ...}) = 0
openat(AT_FDCWD, "/usr/lib/python3.9/__pycache__/io.cpython-39.pyc", O_RDONLY|O_CLOEXEC) = 3
fstat(3, {st_mode=S_IFREG|0644, st_size=3406, ...}) = 0
ioctl(3, TCGETS, 0x7fff7a1c6090)        = -1 ENOTTY (Inappropriate ioctl for device)
lseek(3, 0, SEEK_CUR)                   = 0
lseek(3, 0, SEEK_CUR)                   = 0
fstat(3, {st_mode=S_IFREG|0644, st_size=3406, ...}) = 0
read(3, "a\r\r\n\0\0\0\0\360\314;`\325\r\0\0\343\0\0\0\0\0\0\0\0\0\0\0\0\0\0\0"..., 3407) = 3406
read(3, "", 1)                          = 0
close(3)                                = 0
stat("/usr/lib/python3.9", {st_mode=S_IFDIR|0755, st_size=4096, ...}) = 0
stat("/usr/lib/python3.9/abc.py", {st_mode=S_IFREG|0644, st_size=4489, ...}) = 0
stat("/usr/lib/python3.9/abc.py", {st_mode=S_IFREG|0644, st_size=4489, ...}) = 0
openat(AT_FDCWD, "/usr/lib/python3.9/__pycache__/abc.cpython-39.pyc", O_RDONLY|O_CLOEXEC) = 3
fstat(3, {st_mode=S_IFREG|0644, st_size=5336, ...}) = 0
ioctl(3, TCGETS, 0x7fff7a1c5260)        = -1 ENOTTY (Inappropriate ioctl for device)
lseek(3, 0, SEEK_CUR)                   = 0
lseek(3, 0, SEEK_CUR)                   = 0
fstat(3, {st_mode=S_IFREG|0644, st_size=5336, ...}) = 0
read(3, "a\r\r\n\0\0\0\0\360\314;`\211\21\0\0\343\0\0\0\0\0\0\0\0\0\0\0\0\0\0\0"..., 5337) = 5336
read(3, "", 1)                          = 0
close(3)                                = 0
dup(0)                                  = 3
close(3)                                = 0
fstat(0, {st_mode=S_IFCHR|0620, st_rdev=makedev(0x88, 0), ...}) = 0
ioctl(0, TCGETS, {B38400 opost isig icanon echo ...}) = 0
lseek(0, 0, SEEK_CUR)                   = -1 ESPIPE (Illegal seek)
ioctl(0, TCGETS, {B38400 opost isig icanon echo ...}) = 0
dup(1)                                  = 3
close(3)                                = 0
fstat(1, {st_mode=S_IFCHR|0620, st_rdev=makedev(0x88, 0), ...}) = 0
ioctl(1, TCGETS, {B38400 opost isig icanon echo ...}) = 0
lseek(1, 0, SEEK_CUR)                   = -1 ESPIPE (Illegal seek)
ioctl(1, TCGETS, {B38400 opost isig icanon echo ...}) = 0
dup(2)                                  = 3
close(3)                                = 0
fstat(2, {st_mode=S_IFCHR|0620, st_rdev=makedev(0x88, 0), ...}) = 0
ioctl(2, TCGETS, {B38400 opost isig icanon echo ...}) = 0
lseek(2, 0, SEEK_CUR)                   = -1 ESPIPE (Illegal seek)
ioctl(2, TCGETS, {B38400 opost isig icanon echo ...}) = 0
stat("/usr/lib/python3.9", {st_mode=S_IFDIR|0755, st_size=4096, ...}) = 0
stat("/usr/lib/python3.9/site.py", {st_mode=S_IFREG|0644, st_size=22561, ...}) = 0
stat("/usr/lib/python3.9/site.py", {st_mode=S_IFREG|0644, st_size=22561, ...}) = 0
openat(AT_FDCWD, "/usr/lib/python3.9/__pycache__/site.cpython-39.pyc", O_RDONLY|O_CLOEXEC) = 3
fstat(3, {st_mode=S_IFREG|0644, st_size=17300, ...}) = 0
ioctl(3, TCGETS, 0x7fff7a1c6090)        = -1 ENOTTY (Inappropriate ioctl for device)
lseek(3, 0, SEEK_CUR)                   = 0
lseek(3, 0, SEEK_CUR)                   = 0
fstat(3, {st_mode=S_IFREG|0644, st_size=17300, ...}) = 0
read(3, "a\r\r\n\0\0\0\0\360\314;`!X\0\0\343\0\0\0\0\0\0\0\0\0\0\0\0\0\0\0"..., 17301) = 17300
read(3, "", 1)                          = 0
close(3)                                = 0
stat("/usr/lib/python3.9", {st_mode=S_IFDIR|0755, st_size=4096, ...}) = 0
stat("/usr/lib/python3.9/os.py", {st_mode=S_IFREG|0644, st_size=39065, ...}) = 0
stat("/usr/lib/python3.9/os.py", {st_mode=S_IFREG|0644, st_size=39065, ...}) = 0
openat(AT_FDCWD, "/usr/lib/python3.9/__pycache__/os.cpython-39.pyc", O_RDONLY|O_CLOEXEC) = 3
fstat(3, {st_mode=S_IFREG|0644, st_size=31644, ...}) = 0
ioctl(3, TCGETS, 0x7fff7a1c5260)        = -1 ENOTTY (Inappropriate ioctl for device)
lseek(3, 0, SEEK_CUR)                   = 0
lseek(3, 0, SEEK_CUR)                   = 0
fstat(3, {st_mode=S_IFREG|0644, st_size=31644, ...}) = 0
brk(0xa0a000)                           = 0xa0a000
read(3, "a\r\r\n\0\0\0\0\360\314;`\231\230\0\0\343\0\0\0\0\0\0\0\0\0\0\0\0\0\0\0"..., 31645) = 31644
read(3, "", 1)                          = 0
close(3)                                = 0
mmap(NULL, 262144, PROT_READ|PROT_WRITE, MAP_PRIVATE|MAP_ANONYMOUS, -1, 0) = 0x7f92e1aea000
stat("/usr/lib/python3.9", {st_mode=S_IFDIR|0755, st_size=4096, ...}) = 0
stat("/usr/lib/python3.9/stat.py", {st_mode=S_IFREG|0644, st_size=5485, ...}) = 0
stat("/usr/lib/python3.9/stat.py", {st_mode=S_IFREG|0644, st_size=5485, ...}) = 0
openat(AT_FDCWD, "/usr/lib/python3.9/__pycache__/stat.cpython-39.pyc", O_RDONLY|O_CLOEXEC) = 3
fstat(3, {st_mode=S_IFREG|0644, st_size=4370, ...}) = 0
ioctl(3, TCGETS, 0x7fff7a1c4430)        = -1 ENOTTY (Inappropriate ioctl for device)
lseek(3, 0, SEEK_CUR)                   = 0
lseek(3, 0, SEEK_CUR)                   = 0
fstat(3, {st_mode=S_IFREG|0644, st_size=4370, ...}) = 0
read(3, "a\r\r\n\0\0\0\0\360\314;`m\25\0\0\343\0\0\0\0\0\0\0\0\0\0\0\0\0\0\0"..., 4371) = 4370
read(3, "", 1)                          = 0
close(3)                                = 0
mmap(NULL, 151552, PROT_READ|PROT_WRITE, MAP_PRIVATE|MAP_ANONYMOUS, -1, 0) = 0x7f92e1ac5000
stat("/usr/lib/python3.9", {st_mode=S_IFDIR|0755, st_size=4096, ...}) = 0
stat("/usr/lib/python3.9/_collections_abc.py", {st_mode=S_IFREG|0644, st_size=29341, ...}) = 0
stat("/usr/lib/python3.9/_collections_abc.py", {st_mode=S_IFREG|0644, st_size=29341, ...}) = 0
openat(AT_FDCWD, "/usr/lib/python3.9/__pycache__/_collections_abc.cpython-39.pyc", O_RDONLY|O_CLOEXEC) = 3
fstat(3, {st_mode=S_IFREG|0644, st_size=31704, ...}) = 0
ioctl(3, TCGETS, 0x7fff7a1c4430)        = -1 ENOTTY (Inappropriate ioctl for device)
lseek(3, 0, SEEK_CUR)                   = 0
lseek(3, 0, SEEK_CUR)                   = 0
fstat(3, {st_mode=S_IFREG|0644, st_size=31704, ...}) = 0
read(3, "a\r\r\n\0\0\0\0\360\314;`\235r\0\0\343\0\0\0\0\0\0\0\0\0\0\0\0\0\0\0"..., 31705) = 31704
read(3, "", 1)                          = 0
close(3)                                = 0
stat("/usr/lib/python3.9", {st_mode=S_IFDIR|0755, st_size=4096, ...}) = 0
stat("/usr/lib/python3.9/posixpath.py", {st_mode=S_IFREG|0644, st_size=15627, ...}) = 0
stat("/usr/lib/python3.9/posixpath.py", {st_mode=S_IFREG|0644, st_size=15627, ...}) = 0
openat(AT_FDCWD, "/usr/lib/python3.9/__pycache__/posixpath.cpython-39.pyc", O_RDONLY|O_CLOEXEC) = 3
fstat(3, {st_mode=S_IFREG|0644, st_size=10327, ...}) = 0
ioctl(3, TCGETS, 0x7fff7a1c4430)        = -1 ENOTTY (Inappropriate ioctl for device)
lseek(3, 0, SEEK_CUR)                   = 0
lseek(3, 0, SEEK_CUR)                   = 0
fstat(3, {st_mode=S_IFREG|0644, st_size=10327, ...}) = 0
read(3, "a\r\r\n\0\0\0\0\360\314;`\v=\0\0\343\0\0\0\0\0\0\0\0\0\0\0\0\0\0\0"..., 10328) = 10327
read(3, "", 1)                          = 0
close(3)                                = 0
stat("/usr/lib/python3.9", {st_mode=S_IFDIR|0755, st_size=4096, ...}) = 0
stat("/usr/lib/python3.9/genericpath.py", {st_mode=S_IFREG|0644, st_size=4975, ...}) = 0
stat("/usr/lib/python3.9/genericpath.py", {st_mode=S_IFREG|0644, st_size=4975, ...}) = 0
openat(AT_FDCWD, "/usr/lib/python3.9/__pycache__/genericpath.cpython-39.pyc", O_RDONLY|O_CLOEXEC) = 3
fstat(3, {st_mode=S_IFREG|0644, st_size=4022, ...}) = 0
ioctl(3, TCGETS, 0x7fff7a1c3600)        = -1 ENOTTY (Inappropriate ioctl for device)
lseek(3, 0, SEEK_CUR)                   = 0
lseek(3, 0, SEEK_CUR)                   = 0
fstat(3, {st_mode=S_IFREG|0644, st_size=4022, ...}) = 0
read(3, "a\r\r\n\0\0\0\0\360\314;`o\23\0\0\343\0\0\0\0\0\0\0\0\0\0\0\0\0\0\0"..., 4023) = 4022
read(3, "", 1)                          = 0
close(3)                                = 0
mmap(NULL, 262144, PROT_READ|PROT_WRITE, MAP_PRIVATE|MAP_ANONYMOUS, -1, 0) = 0x7f92e1a85000
stat("/usr/lib/python3.9", {st_mode=S_IFDIR|0755, st_size=4096, ...}) = 0
stat("/usr/lib/python3.9/_sitebuiltins.py", {st_mode=S_IFREG|0644, st_size=3115, ...}) = 0
stat("/usr/lib/python3.9/_sitebuiltins.py", {st_mode=S_IFREG|0644, st_size=3115, ...}) = 0
openat(AT_FDCWD, "/usr/lib/python3.9/__pycache__/_sitebuiltins.cpython-39.pyc", O_RDONLY|O_CLOEXEC) = 3
fstat(3, {st_mode=S_IFREG|0644, st_size=3499, ...}) = 0
ioctl(3, TCGETS, 0x7fff7a1c5260)        = -1 ENOTTY (Inappropriate ioctl for device)
lseek(3, 0, SEEK_CUR)                   = 0
lseek(3, 0, SEEK_CUR)                   = 0
fstat(3, {st_mode=S_IFREG|0644, st_size=3499, ...}) = 0
read(3, "a\r\r\n\0\0\0\0\360\314;`+\f\0\0\343\0\0\0\0\0\0\0\0\0\0\0\0\0\0\0"..., 3500) = 3499
read(3, "", 1)                          = 0
close(3)                                = 0
stat("/usr/bin/pyvenv.cfg", 0x7fff7a1c5a30) = -1 ENOENT (No such file or directory)
stat("/usr/pyvenv.cfg", 0x7fff7a1c5a30) = -1 ENOENT (No such file or directory)
geteuid()                               = 0
getuid()                                = 0
getegid()                               = 0
getgid()                                = 0
stat("/root/.local/lib/python3.9/site-packages", 0x7fff7a1c5cc0) = -1 ENOENT (No such file or directory)
stat("/usr/local/lib/python3.9/dist-packages", {st_mode=S_IFDIR|0755, st_size=4096, ...}) = 0
openat(AT_FDCWD, "/usr/local/lib/python3.9/dist-packages", O_RDONLY|O_NONBLOCK|O_CLOEXEC|O_DIRECTORY) = 3
fstat(3, {st_mode=S_IFDIR|0755, st_size=4096, ...}) = 0
getdents64(3, 0x9eb710 /* 2 entries */, 32768) = 48
getdents64(3, 0x9eb710 /* 0 entries */, 32768) = 0
close(3)                                = 0
stat("/usr/lib/python3/dist-packages", {st_mode=S_IFDIR|0755, st_size=4096, ...}) = 0
openat(AT_FDCWD, "/usr/lib/python3/dist-packages", O_RDONLY|O_NONBLOCK|O_CLOEXEC|O_DIRECTORY) = 3
fstat(3, {st_mode=S_IFDIR|0755, st_size=4096, ...}) = 0
getdents64(3, 0x9eb710 /* 7 entries */, 32768) = 232
getdents64(3, 0x9eb710 /* 0 entries */, 32768) = 0
close(3)                                = 0
stat("/usr/lib/python3.9/dist-packages", 0x7fff7a1c5bc0) = -1 ENOENT (No such file or directory)
stat("/usr/lib/python3.9", {st_mode=S_IFDIR|0755, st_size=4096, ...}) = 0
stat("/usr/lib/python3.9/sitecustomize.py", {st_mode=S_IFREG|0644, st_size=155, ...}) = 0
stat("/usr/lib/python3.9/sitecustomize.py", {st_mode=S_IFREG|0644, st_size=155, ...}) = 0
openat(AT_FDCWD, "/usr/lib/python3.9/__pycache__/sitecustomize.cpython-39.pyc", O_RDONLY|O_CLOEXEC) = 3
fstat(3, {st_mode=S_IFREG|0644, st_size=218, ...}) = 0
ioctl(3, TCGETS, 0x7fff7a1c4f40)        = -1 ENOTTY (Inappropriate ioctl for device)
lseek(3, 0, SEEK_CUR)                   = 0
lseek(3, 0, SEEK_CUR)                   = 0
fstat(3, {st_mode=S_IFREG|0644, st_size=218, ...}) = 0
read(3, "a\r\r\n\0\0\0\0\360\314;`\233\0\0\0\343\0\0\0\0\0\0\0\0\0\0\0\0\0\0\0"..., 219) = 218
read(3, "", 1)                          = 0
close(3)                                = 0
stat("/usr/lib/python3.9", {st_mode=S_IFDIR|0755, st_size=4096, ...}) = 0
stat("/usr/lib/python3.9/lib-dynload", {st_mode=S_IFDIR|0755, st_size=4096, ...}) = 0
stat("/usr/lib/python3.9/lib-dynload", {st_mode=S_IFDIR|0755, st_size=4096, ...}) = 0
stat("/usr/lib/python3.9/lib-dynload", {st_mode=S_IFDIR|0755, st_size=4096, ...}) = 0
openat(AT_FDCWD, "/usr/lib/python3.9/lib-dynload", O_RDONLY|O_NONBLOCK|O_CLOEXEC|O_DIRECTORY) = 3
fstat(3, {st_mode=S_IFDIR|0755, st_size=4096, ...}) = 0
getdents64(3, 0x9eb710 /* 47 entries */, 32768) = 2920
getdents64(3, 0x9eb710 /* 0 entries */, 32768) = 0
close(3)                                = 0
stat("/usr/local/lib/python3.9/dist-packages", {st_mode=S_IFDIR|0755, st_size=4096, ...}) = 0
stat("/usr/local/lib/python3.9/dist-packages", {st_mode=S_IFDIR|0755, st_size=4096, ...}) = 0
stat("/usr/local/lib/python3.9/dist-packages", {st_mode=S_IFDIR|0755, st_size=4096, ...}) = 0
openat(AT_FDCWD, "/usr/local/lib/python3.9/dist-packages", O_RDONLY|O_NONBLOCK|O_CLOEXEC|O_DIRECTORY) = 3
fstat(3, {st_mode=S_IFDIR|0755, st_size=4096, ...}) = 0
getdents64(3, 0x9eb710 /* 2 entries */, 32768) = 48
getdents64(3, 0x9eb710 /* 0 entries */, 32768) = 0
close(3)                                = 0
stat("/usr/lib/python3/dist-packages", {st_mode=S_IFDIR|0755, st_size=4096, ...}) = 0
stat("/usr/lib/python3/dist-packages", {st_mode=S_IFDIR|0755, st_size=4096, ...}) = 0
stat("/usr/lib/python3/dist-packages", {st_mode=S_IFDIR|0755, st_size=4096, ...}) = 0
openat(AT_FDCWD, "/usr/lib/python3/dist-packages", O_RDONLY|O_NONBLOCK|O_CLOEXEC|O_DIRECTORY) = 3
fstat(3, {st_mode=S_IFDIR|0755, st_size=4096, ...}) = 0
getdents64(3, 0x9eb710 /* 7 entries */, 32768) = 232
getdents64(3, 0x9eb710 /* 0 entries */, 32768) = 0
close(3)                                = 0
stat("/usr/lib/python3.9", {st_mode=S_IFDIR|0755, st_size=4096, ...}) = 0
stat("/usr/lib/python3.9/lib-dynload", {st_mode=S_IFDIR|0755, st_size=4096, ...}) = 0
stat("/usr/local/lib/python3.9/dist-packages", {st_mode=S_IFDIR|0755, st_size=4096, ...}) = 0
stat("/usr/lib/python3/dist-packages", {st_mode=S_IFDIR|0755, st_size=4096, ...}) = 0
stat("/linux_practice/src/trace/./hello.py", {st_mode=S_IFREG|0755, st_size=34, ...}) = 0
openat(AT_FDCWD, "/linux_practice/src/trace/./hello.py", O_RDONLY|O_CLOEXEC) = 3
fstat(3, {st_mode=S_IFREG|0755, st_size=34, ...}) = 0
ioctl(3, TCGETS, 0x7fff7a1c6d50)        = -1 ENOTTY (Inappropriate ioctl for device)
lseek(3, 0, SEEK_CUR)                   = 0
lseek(3, -22, SEEK_END)                 = 12
lseek(3, 0, SEEK_CUR)                   = 12
read(3, "ython3\nprint(\"hello\")\n", 4096) = 22
lseek(3, 0, SEEK_END)                   = 34
lseek(3, 0, SEEK_CUR)                   = 34
lseek(3, 0, SEEK_SET)                   = 0
lseek(3, 0, SEEK_CUR)                   = 0
fstat(3, {st_mode=S_IFREG|0755, st_size=34, ...}) = 0
read(3, "#!/usr/bin/python3\nprint(\"hello\""..., 35) = 34
read(3, "", 1)                          = 0
close(3)                                = 0
stat("/linux_practice/src/trace/./hello.py", {st_mode=S_IFREG|0755, st_size=34, ...}) = 0
readlink("./hello.py", 0x7fff7a1b6600, 4096) = -1 EINVAL (Invalid argument)
getcwd("/linux_practice/src/trace", 4096) = 26
lstat("/linux_practice/src/trace/hello.py", {st_mode=S_IFREG|0755, st_size=34, ...}) = 0
openat(AT_FDCWD, "/linux_practice/src/trace/./hello.py", O_RDONLY) = 3
fcntl(3, F_GETFD)                       = 0
fcntl(3, F_SETFD, FD_CLOEXEC)           = 0
fstat(3, {st_mode=S_IFREG|0755, st_size=34, ...}) = 0
ioctl(3, TCGETS, 0x7fff7a1c7590)        = -1 ENOTTY (Inappropriate ioctl for device)
lseek(3, 0, SEEK_CUR)                   = 0
fstat(3, {st_mode=S_IFREG|0755, st_size=34, ...}) = 0
read(3, "#!/usr/bin/python3\nprint(\"hello\""..., 4096) = 34
lseek(3, 0, SEEK_SET)                   = 0
read(3, "#!/usr/bin/python3\nprint(\"hello\""..., 4096) = 34
read(3, "", 4096)                       = 0
close(3)                                = 0
write(1, "hello\n", 6)                  = 6
rt_sigaction(SIGINT, {sa_handler=SIG_DFL, sa_mask=[], sa_flags=SA_RESTORER, sa_restorer=0x7f92e2007140}, {sa_handler=0x6402c0, sa_mask=[], sa_flags=SA_RESTORER, sa_restorer=0x7f92e2007140}, 8) = 0
exit_group(0)                           = ?
+++ exited with 0 +++
